#
# There is insufficient memory for the Java Runtime Environment to continue.
# Native memory allocation (malloc) failed to allocate 1038416 bytes for Chunk::new
# Possible reasons:
#   The system is out of physical RAM or swap space
#   The process is running with CompressedOops enabled, and the Java Heap may be blocking the growth of the native heap
# Possible solutions:
#   Reduce memory load on the system
#   Increase physical memory or swap space
#   Check if swap backing store is full
#   Decrease Java heap size (-Xmx/-Xms)
#   Decrease number of Java threads
#   Decrease Java thread stack sizes (-Xss)
#   Set larger code cache with -XX:ReservedCodeCacheSize=
#   JVM is running with Zero Based Compressed Oops mode in which the Java heap is
#     placed in the first 32GB address space. The Java Heap base address is the
#     maximum limit for the native heap growth. Please use -XX:HeapBaseMinAddress
#     to set the Java Heap base and to place the Java Heap above 32GB virtual address.
# This output file may be truncated or incomplete.
#
#  Out of Memory Error (./src/hotspot/share/memory/arena.cpp:197), pid=1816, tid=10324
#
# JRE version: OpenJDK Runtime Environment (11.0.10) (build 11.0.10+0-b96-7249189)
# Java VM: OpenJDK 64-Bit Server VM (11.0.10+0-b96-7249189, mixed mode, tiered, compressed oops, g1 gc, windows-amd64)
# No core dump will be written. Minidumps are not enabled by default on client versions of Windows
#

---------------  S U M M A R Y ------------

Command Line: org.jetbrains.kotlin.cli.jvm.K2JVMCompiler @D:\xN\programming\GeoQuiz\app\build\20210827_3913574376874600811.compiler.options

Host: Intel(R) Core(TM) i7-6700K CPU @ 4.00GHz, 8 cores, 31G,  Windows 7 , 64 bit Build 7601 (6.1.7601.23677)
Time: Fri Aug 27 18:22:02 2021  elapsed time: 3.976862 seconds (0d 0h 0m 3s)

---------------  T H R E A D  ---------------

Current thread (0x000000002ca8b000):  JavaThread "C2 CompilerThread1" daemon [_thread_in_native, id=10324, stack(0x000000002da30000,0x000000002db30000)]


Current CompileTask:
C2:   3976 6288       4       org.jetbrains.kotlin.cli.jvm.index.JvmDependenciesIndexImpl::travelPath (170 bytes)

Stack: [0x000000002da30000,0x000000002db30000]
Native frames: (J=compiled Java code, j=interpreted, Vv=VM code, C=native code)
V  [jvm.dll+0x5ecfaa]
V  [jvm.dll+0x722bd5]
V  [jvm.dll+0x72412d]
V  [jvm.dll+0x7247e3]
V  [jvm.dll+0x242928]
V  [jvm.dll+0xbc4fc]
V  [jvm.dll+0xbca0c]
V  [jvm.dll+0x352d7d]
V  [jvm.dll+0x320ad3]
V  [jvm.dll+0x31ffca]
V  [jvm.dll+0x1fb602]
V  [jvm.dll+0x1fa7f4]
V  [jvm.dll+0x18354c]
V  [jvm.dll+0x208ee7]
V  [jvm.dll+0x207731]
V  [jvm.dll+0x6eb1cf]
V  [jvm.dll+0x6e3d45]
V  [jvm.dll+0x5ebe96]
C  [ucrtbase.DLL+0x6be1d]
C  [kernel32.dll+0x159cd]
C  [ntdll.dll+0x2a561]


---------------  P R O C E S S  ---------------

Threads class SMR info:
_java_thread_list=0x000000002ca8de50, length=12, elements={
0x0000000000358800, 0x000000002c87f800, 0x000000002c881000, 0x000000002c8df800,
0x000000002c8e1800, 0x000000002c8e3800, 0x000000002c8e8000, 0x000000002c8eb000,
0x000000002c905800, 0x000000002ca8e800, 0x000000002ca8b000, 0x000000002ca8a000
}

Java Threads: ( => current thread )
  0x0000000000358800 JavaThread "main" [_thread_blocked, id=13480, stack(0x0000000001fa0000,0x00000000020a0000)]
  0x000000002c87f800 JavaThread "Reference Handler" daemon [_thread_blocked, id=15128, stack(0x000000002cef0000,0x000000002cff0000)]
  0x000000002c881000 JavaThread "Finalizer" daemon [_thread_blocked, id=12312, stack(0x000000002bc00000,0x000000002bd00000)]
  0x000000002c8df800 JavaThread "Signal Dispatcher" daemon [_thread_blocked, id=596, stack(0x000000002d010000,0x000000002d110000)]
  0x000000002c8e1800 JavaThread "Attach Listener" daemon [_thread_blocked, id=6552, stack(0x000000002d1e0000,0x000000002d2e0000)]
  0x000000002c8e3800 JavaThread "Service Thread" daemon [_thread_blocked, id=15016, stack(0x000000002d3d0000,0x000000002d4d0000)]
  0x000000002c8e8000 JavaThread "C2 CompilerThread0" daemon [_thread_blocked, id=8384, stack(0x000000002d510000,0x000000002d610000)]
  0x000000002c8eb000 JavaThread "C1 CompilerThread0" daemon [_thread_blocked, id=14276, stack(0x000000002d730000,0x000000002d830000)]
  0x000000002c905800 JavaThread "Sweeper thread" daemon [_thread_blocked, id=4856, stack(0x000000002d930000,0x000000002da30000)]
  0x000000002ca8e800 JavaThread "Common-Cleaner" daemon [_thread_blocked, id=15000, stack(0x000000002dd40000,0x000000002de40000)]
=>0x000000002ca8b000 JavaThread "C2 CompilerThread1" daemon [_thread_in_native, id=10324, stack(0x000000002da30000,0x000000002db30000)]
  0x000000002ca8a000 JavaThread "C2 CompilerThread2" daemon [_thread_in_native, id=13616, stack(0x000000002e0d0000,0x000000002e1d0000)]

Other Threads:
  0x000000002bb5d800 VMThread "VM Thread" [stack: 0x000000002cd00000,0x000000002ce00000] [id=16184]
  0x000000002ca47000 WatcherThread [stack: 0x000000002dbc0000,0x000000002dcc0000] [id=16012]
  0x0000000000374000 GCTaskThread "GC Thread#0" [stack: 0x0000000015320000,0x0000000015420000] [id=8304]
  0x000000002e4e2000 GCTaskThread "GC Thread#1" [stack: 0x000000002d620000,0x000000002d720000] [id=14240]
  0x000000002e625000 GCTaskThread "GC Thread#2" [stack: 0x000000002de90000,0x000000002df90000] [id=16240]
  0x000000002e625800 GCTaskThread "GC Thread#3" [stack: 0x000000002ee20000,0x000000002ef20000] [id=15348]
  0x000000002e5bb000 GCTaskThread "GC Thread#4" [stack: 0x000000002f040000,0x000000002f140000] [id=16060]
  0x000000002e5bc000 GCTaskThread "GC Thread#5" [stack: 0x000000002f150000,0x000000002f250000] [id=15428]
  0x000000002e6e6000 GCTaskThread "GC Thread#6" [stack: 0x000000002f250000,0x000000002f350000] [id=4204]
  0x000000002e6ea800 GCTaskThread "GC Thread#7" [stack: 0x000000002f430000,0x000000002f530000] [id=8224]
  0x00000000003ab000 ConcurrentGCThread "G1 Main Marker" [stack: 0x0000000028fd0000,0x00000000290d0000] [id=13952]
  0x00000000003ac800 ConcurrentGCThread "G1 Conc#0" [stack: 0x0000000029200000,0x0000000029300000] [id=14860]
  0x000000002fa4d000 ConcurrentGCThread "G1 Conc#1" [stack: 0x0000000030db0000,0x0000000030eb0000] [id=12324]
  0x000000002ba58000 ConcurrentGCThread "G1 Refine#0" [stack: 0x000000002bd10000,0x000000002be10000] [id=12968]
  0x0000000034877800 ConcurrentGCThread "G1 Refine#1" [stack: 0x0000000032a00000,0x0000000032b00000] [id=12124]
  0x000000002fd36000 ConcurrentGCThread "G1 Refine#2" [stack: 0x0000000036910000,0x0000000036a10000] [id=2724]
  0x000000002fd37000 ConcurrentGCThread "G1 Refine#3" [stack: 0x0000000036a30000,0x0000000036b30000] [id=14896]
  0x000000002ba58800 ConcurrentGCThread "G1 Young RemSet Sampling" [stack: 0x000000002bef0000,0x000000002bff0000] [id=12376]

Threads with active compile tasks:
C2 CompilerThread0   3986 6358       4       org.jetbrains.kotlin.backend.common.serialization.mangle.descriptor.DescriptorExportCheckerVisitor::isExported (102 bytes)
C1 CompilerThread0   3986 6362       3       java.util.HashMap::remove (26 bytes)
C2 CompilerThread1   3986 6288       4       org.jetbrains.kotlin.cli.jvm.index.JvmDependenciesIndexImpl::travelPath (170 bytes)
C2 CompilerThread2   3986 6314       4       org.jetbrains.kotlin.backend.common.serialization.mangle.descriptor.DescriptorMangleComputer::mangleSimpleDeclaration (74 bytes)

VM state:at safepoint (normal execution)

VM Mutex/Monitor currently owned by a thread:  ([mutex/lock_event])
[0x0000000000355dc0] Threads_lock - owner thread: 0x000000002bb5d800
[0x00000000003565a0] Heap_lock - owner thread: 0x0000000000358800

Heap address: 0x0000000601000000, size: 8176 MB, Compressed Oops mode: Zero based, Oop shift amount: 3
Narrow klass base: 0x0000000800000000, Narrow klass shift: 0
Compressed class space size: 1073741824 Address: 0x0000000800000000

Heap:
 garbage-first heap   total 524288K, used 62031K [0x0000000601000000, 0x0000000800000000)
  region size 2048K, 9 young (18432K), 3 survivors (6144K)
 Metaspace       used 60112K, capacity 60695K, committed 60888K, reserved 1107968K
  class space    used 6816K, capacity 7051K, committed 7168K, reserved 1048576K
Heap Regions: E=young(eden), S=young(survivor), O=old, HS=humongous(starts), HC=humongous(continues), CS=collection set, F=free, A=archive, TAMS=top-at-mark-start (previous, next)
|   0|0x0000000601000000, 0x0000000601200000, 0x0000000601200000|100%|HS|  |TAMS 0x0000000601200000, 0x0000000601200000| Complete 
|   1|0x0000000601200000, 0x0000000601400000, 0x0000000601400000|100%|HC|  |TAMS 0x0000000601400000, 0x0000000601400000| Complete 
|   2|0x0000000601400000, 0x0000000601600000, 0x0000000601600000|100%|HS|  |TAMS 0x0000000601600000, 0x0000000601600000| Complete 
|   3|0x0000000601600000, 0x0000000601800000, 0x0000000601800000|100%|HC|  |TAMS 0x0000000601800000, 0x0000000601800000| Complete 
|   4|0x0000000601800000, 0x0000000601a00000, 0x0000000601a00000|100%|HS|  |TAMS 0x0000000601a00000, 0x0000000601a00000| Complete 
|   5|0x0000000601a00000, 0x0000000601c00000, 0x0000000601c00000|100%|HC|  |TAMS 0x0000000601c00000, 0x0000000601c00000| Complete 
|   6|0x0000000601c00000, 0x0000000601e00000, 0x0000000601e00000|100%| O|  |TAMS 0x0000000601e00000, 0x0000000601e00000| Untracked 
|   7|0x0000000601e00000, 0x0000000602000000, 0x0000000602000000|100%| O|  |TAMS 0x0000000602000000, 0x0000000602000000| Untracked 
|   8|0x0000000602000000, 0x0000000602200000, 0x0000000602200000|100%|HS|  |TAMS 0x0000000602200000, 0x0000000602200000| Complete 
|   9|0x0000000602200000, 0x0000000602400000, 0x0000000602400000|100%| O|  |TAMS 0x0000000602400000, 0x0000000602400000| Untracked 
|  10|0x0000000602400000, 0x0000000602600000, 0x0000000602600000|100%| O|  |TAMS 0x0000000602600000, 0x0000000602600000| Untracked 
|  11|0x0000000602600000, 0x0000000602800000, 0x0000000602800000|100%| O|  |TAMS 0x0000000602800000, 0x0000000602800000| Untracked 
|  12|0x0000000602800000, 0x0000000602a00000, 0x0000000602a00000|100%| O|  |TAMS 0x0000000602a00000, 0x0000000602a00000| Untracked 
|  13|0x0000000602a00000, 0x0000000602c00000, 0x0000000602c00000|100%| O|  |TAMS 0x0000000602c00000, 0x0000000602c00000| Untracked 
|  14|0x0000000602c00000, 0x0000000602e00000, 0x0000000602e00000|100%| O|  |TAMS 0x0000000602e00000, 0x0000000602e00000| Untracked 
|  15|0x0000000602e00000, 0x0000000603000000, 0x0000000603000000|100%| O|  |TAMS 0x0000000603000000, 0x0000000603000000| Untracked 
|  16|0x0000000603000000, 0x0000000603200000, 0x0000000603200000|100%| O|  |TAMS 0x0000000603200000, 0x0000000603200000| Untracked 
|  17|0x0000000603200000, 0x0000000603400000, 0x0000000603400000|100%| O|  |TAMS 0x0000000603400000, 0x0000000603400000| Untracked 
|  18|0x0000000603400000, 0x0000000603600000, 0x0000000603600000|100%| O|  |TAMS 0x0000000603600000, 0x0000000603600000| Untracked 
|  19|0x0000000603600000, 0x0000000603800000, 0x0000000603800000|100%| O|  |TAMS 0x0000000603800000, 0x0000000603800000| Untracked 
|  20|0x0000000603800000, 0x00000006038ac200, 0x0000000603a00000| 33%| O|  |TAMS 0x00000006038ac200, 0x0000000603a00000| Untracked 
|  21|0x0000000603a00000, 0x0000000603a00000, 0x0000000603c00000|  0%| F|  |TAMS 0x0000000603a00000, 0x0000000603a00000| Untracked 
|  22|0x0000000603c00000, 0x0000000603c00000, 0x0000000603e00000|  0%| F|  |TAMS 0x0000000603c00000, 0x0000000603c00000| Untracked 
|  23|0x0000000603e00000, 0x0000000603e00000, 0x0000000604000000|  0%| F|  |TAMS 0x0000000603e00000, 0x0000000603e00000| Untracked 
|  24|0x0000000604000000, 0x0000000604000000, 0x0000000604200000|  0%| F|  |TAMS 0x0000000604000000, 0x0000000604000000| Untracked 
|  25|0x0000000604200000, 0x0000000604200000, 0x0000000604400000|  0%| F|  |TAMS 0x0000000604200000, 0x0000000604200000| Untracked 
|  26|0x0000000604400000, 0x0000000604400000, 0x0000000604600000|  0%| F|  |TAMS 0x0000000604400000, 0x0000000604400000| Untracked 
|  27|0x0000000604600000, 0x0000000604600000, 0x0000000604800000|  0%| F|  |TAMS 0x0000000604600000, 0x0000000604600000| Untracked 
|  28|0x0000000604800000, 0x0000000604800000, 0x0000000604a00000|  0%| F|  |TAMS 0x0000000604800000, 0x0000000604800000| Untracked 
|  29|0x0000000604a00000, 0x0000000604a00000, 0x0000000604c00000|  0%| F|  |TAMS 0x0000000604a00000, 0x0000000604a00000| Untracked 
|  30|0x0000000604c00000, 0x0000000604c00000, 0x0000000604e00000|  0%| F|  |TAMS 0x0000000604c00000, 0x0000000604c00000| Untracked 
|  31|0x0000000604e00000, 0x0000000604e00000, 0x0000000605000000|  0%| F|  |TAMS 0x0000000604e00000, 0x0000000604e00000| Untracked 
|  32|0x0000000605000000, 0x0000000605000000, 0x0000000605200000|  0%| F|  |TAMS 0x0000000605000000, 0x0000000605000000| Untracked 
|  33|0x0000000605200000, 0x0000000605200000, 0x0000000605400000|  0%| F|  |TAMS 0x0000000605200000, 0x0000000605200000| Untracked 
|  34|0x0000000605400000, 0x0000000605400000, 0x0000000605600000|  0%| F|  |TAMS 0x0000000605400000, 0x0000000605400000| Untracked 
|  35|0x0000000605600000, 0x0000000605600000, 0x0000000605800000|  0%| F|  |TAMS 0x0000000605600000, 0x0000000605600000| Untracked 
|  36|0x0000000605800000, 0x0000000605800000, 0x0000000605a00000|  0%| F|  |TAMS 0x0000000605800000, 0x0000000605800000| Untracked 
|  37|0x0000000605a00000, 0x0000000605a00000, 0x0000000605c00000|  0%| F|  |TAMS 0x0000000605a00000, 0x0000000605a00000| Untracked 
|  38|0x0000000605c00000, 0x0000000605c00000, 0x0000000605e00000|  0%| F|  |TAMS 0x0000000605c00000, 0x0000000605c00000| Untracked 
|  39|0x0000000605e00000, 0x0000000605e00000, 0x0000000606000000|  0%| F|  |TAMS 0x0000000605e00000, 0x0000000605e00000| Untracked 
|  40|0x0000000606000000, 0x0000000606000000, 0x0000000606200000|  0%| F|  |TAMS 0x0000000606000000, 0x0000000606000000| Untracked 
|  41|0x0000000606200000, 0x0000000606200000, 0x0000000606400000|  0%| F|  |TAMS 0x0000000606200000, 0x0000000606200000| Untracked 
|  42|0x0000000606400000, 0x0000000606400000, 0x0000000606600000|  0%| F|  |TAMS 0x0000000606400000, 0x0000000606400000| Untracked 
|  43|0x0000000606600000, 0x0000000606600000, 0x0000000606800000|  0%| F|  |TAMS 0x0000000606600000, 0x0000000606600000| Untracked 
|  44|0x0000000606800000, 0x0000000606800000, 0x0000000606a00000|  0%| F|  |TAMS 0x0000000606800000, 0x0000000606800000| Untracked 
|  45|0x0000000606a00000, 0x0000000606a00000, 0x0000000606c00000|  0%| F|  |TAMS 0x0000000606a00000, 0x0000000606a00000| Untracked 
|  46|0x0000000606c00000, 0x0000000606c00000, 0x0000000606e00000|  0%| F|  |TAMS 0x0000000606c00000, 0x0000000606c00000| Untracked 
|  47|0x0000000606e00000, 0x0000000606e00000, 0x0000000607000000|  0%| F|  |TAMS 0x0000000606e00000, 0x0000000606e00000| Untracked 
|  48|0x0000000607000000, 0x0000000607000000, 0x0000000607200000|  0%| F|  |TAMS 0x0000000607000000, 0x0000000607000000| Untracked 
|  49|0x0000000607200000, 0x0000000607200000, 0x0000000607400000|  0%| F|  |TAMS 0x0000000607200000, 0x0000000607200000| Untracked 
|  50|0x0000000607400000, 0x0000000607400000, 0x0000000607600000|  0%| F|  |TAMS 0x0000000607400000, 0x0000000607400000| Untracked 
|  51|0x0000000607600000, 0x0000000607600000, 0x0000000607800000|  0%| F|  |TAMS 0x0000000607600000, 0x0000000607600000| Untracked 
|  52|0x0000000607800000, 0x0000000607800000, 0x0000000607a00000|  0%| F|  |TAMS 0x0000000607800000, 0x0000000607800000| Untracked 
|  53|0x0000000607a00000, 0x0000000607a00000, 0x0000000607c00000|  0%| F|  |TAMS 0x0000000607a00000, 0x0000000607a00000| Untracked 
|  54|0x0000000607c00000, 0x0000000607c00000, 0x0000000607e00000|  0%| F|  |TAMS 0x0000000607c00000, 0x0000000607c00000| Untracked 
|  55|0x0000000607e00000, 0x0000000607e00000, 0x0000000608000000|  0%| F|  |TAMS 0x0000000607e00000, 0x0000000607e00000| Untracked 
|  56|0x0000000608000000, 0x0000000608000000, 0x0000000608200000|  0%| F|  |TAMS 0x0000000608000000, 0x0000000608000000| Untracked 
|  57|0x0000000608200000, 0x0000000608200000, 0x0000000608400000|  0%| F|  |TAMS 0x0000000608200000, 0x0000000608200000| Untracked 
|  58|0x0000000608400000, 0x0000000608400000, 0x0000000608600000|  0%| F|  |TAMS 0x0000000608400000, 0x0000000608400000| Untracked 
|  59|0x0000000608600000, 0x0000000608600000, 0x0000000608800000|  0%| F|  |TAMS 0x0000000608600000, 0x0000000608600000| Untracked 
|  60|0x0000000608800000, 0x0000000608800000, 0x0000000608a00000|  0%| F|  |TAMS 0x0000000608800000, 0x0000000608800000| Untracked 
|  61|0x0000000608a00000, 0x0000000608a00000, 0x0000000608c00000|  0%| F|  |TAMS 0x0000000608a00000, 0x0000000608a00000| Untracked 
|  62|0x0000000608c00000, 0x0000000608c00000, 0x0000000608e00000|  0%| F|  |TAMS 0x0000000608c00000, 0x0000000608c00000| Untracked 
|  63|0x0000000608e00000, 0x0000000608e00000, 0x0000000609000000|  0%| F|  |TAMS 0x0000000608e00000, 0x0000000608e00000| Untracked 
|  64|0x0000000609000000, 0x0000000609000000, 0x0000000609200000|  0%| F|  |TAMS 0x0000000609000000, 0x0000000609000000| Untracked 
|  65|0x0000000609200000, 0x0000000609200000, 0x0000000609400000|  0%| F|  |TAMS 0x0000000609200000, 0x0000000609200000| Untracked 
|  66|0x0000000609400000, 0x0000000609400000, 0x0000000609600000|  0%| F|  |TAMS 0x0000000609400000, 0x0000000609400000| Untracked 
|  67|0x0000000609600000, 0x0000000609600000, 0x0000000609800000|  0%| F|  |TAMS 0x0000000609600000, 0x0000000609600000| Untracked 
|  68|0x0000000609800000, 0x0000000609800000, 0x0000000609a00000|  0%| F|  |TAMS 0x0000000609800000, 0x0000000609800000| Untracked 
|  69|0x0000000609a00000, 0x0000000609a00000, 0x0000000609c00000|  0%| F|  |TAMS 0x0000000609a00000, 0x0000000609a00000| Untracked 
|  70|0x0000000609c00000, 0x0000000609c00000, 0x0000000609e00000|  0%| F|  |TAMS 0x0000000609c00000, 0x0000000609c00000| Untracked 
|  71|0x0000000609e00000, 0x0000000609e00000, 0x000000060a000000|  0%| F|  |TAMS 0x0000000609e00000, 0x0000000609e00000| Untracked 
|  72|0x000000060a000000, 0x000000060a000000, 0x000000060a200000|  0%| F|  |TAMS 0x000000060a000000, 0x000000060a000000| Untracked 
|  73|0x000000060a200000, 0x000000060a200000, 0x000000060a400000|  0%| F|  |TAMS 0x000000060a200000, 0x000000060a200000| Untracked 
|  74|0x000000060a400000, 0x000000060a400000, 0x000000060a600000|  0%| F|  |TAMS 0x000000060a400000, 0x000000060a400000| Untracked 
|  75|0x000000060a600000, 0x000000060a600000, 0x000000060a800000|  0%| F|  |TAMS 0x000000060a600000, 0x000000060a600000| Untracked 
|  76|0x000000060a800000, 0x000000060a800000, 0x000000060aa00000|  0%| F|  |TAMS 0x000000060a800000, 0x000000060a800000| Untracked 
|  77|0x000000060aa00000, 0x000000060aa00000, 0x000000060ac00000|  0%| F|  |TAMS 0x000000060aa00000, 0x000000060aa00000| Untracked 
|  78|0x000000060ac00000, 0x000000060ac00000, 0x000000060ae00000|  0%| F|  |TAMS 0x000000060ac00000, 0x000000060ac00000| Untracked 
|  79|0x000000060ae00000, 0x000000060ae00000, 0x000000060b000000|  0%| F|  |TAMS 0x000000060ae00000, 0x000000060ae00000| Untracked 
|  80|0x000000060b000000, 0x000000060b000000, 0x000000060b200000|  0%| F|  |TAMS 0x000000060b000000, 0x000000060b000000| Untracked 
|  81|0x000000060b200000, 0x000000060b200000, 0x000000060b400000|  0%| F|  |TAMS 0x000000060b200000, 0x000000060b200000| Untracked 
|  82|0x000000060b400000, 0x000000060b400000, 0x000000060b600000|  0%| F|  |TAMS 0x000000060b400000, 0x000000060b400000| Untracked 
|  83|0x000000060b600000, 0x000000060b600000, 0x000000060b800000|  0%| F|  |TAMS 0x000000060b600000, 0x000000060b600000| Untracked 
|  84|0x000000060b800000, 0x000000060b800000, 0x000000060ba00000|  0%| F|  |TAMS 0x000000060b800000, 0x000000060b800000| Untracked 
|  85|0x000000060ba00000, 0x000000060ba00000, 0x000000060bc00000|  0%| F|  |TAMS 0x000000060ba00000, 0x000000060ba00000| Untracked 
|  86|0x000000060bc00000, 0x000000060bc00000, 0x000000060be00000|  0%| F|  |TAMS 0x000000060bc00000, 0x000000060bc00000| Untracked 
|  87|0x000000060be00000, 0x000000060be00000, 0x000000060c000000|  0%| F|  |TAMS 0x000000060be00000, 0x000000060be00000| Untracked 
|  88|0x000000060c000000, 0x000000060c000000, 0x000000060c200000|  0%| F|  |TAMS 0x000000060c000000, 0x000000060c000000| Untracked 
|  89|0x000000060c200000, 0x000000060c200000, 0x000000060c400000|  0%| F|  |TAMS 0x000000060c200000, 0x000000060c200000| Untracked 
|  90|0x000000060c400000, 0x000000060c400000, 0x000000060c600000|  0%| F|  |TAMS 0x000000060c400000, 0x000000060c400000| Untracked 
|  91|0x000000060c600000, 0x000000060c600000, 0x000000060c800000|  0%| F|  |TAMS 0x000000060c600000, 0x000000060c600000| Untracked 
|  92|0x000000060c800000, 0x000000060c800000, 0x000000060ca00000|  0%| F|  |TAMS 0x000000060c800000, 0x000000060c800000| Untracked 
|  93|0x000000060ca00000, 0x000000060ca00000, 0x000000060cc00000|  0%| F|  |TAMS 0x000000060ca00000, 0x000000060ca00000| Untracked 
|  94|0x000000060cc00000, 0x000000060cc00000, 0x000000060ce00000|  0%| F|  |TAMS 0x000000060cc00000, 0x000000060cc00000| Untracked 
|  95|0x000000060ce00000, 0x000000060ce00000, 0x000000060d000000|  0%| F|  |TAMS 0x000000060ce00000, 0x000000060ce00000| Untracked 
|  96|0x000000060d000000, 0x000000060d000000, 0x000000060d200000|  0%| F|  |TAMS 0x000000060d000000, 0x000000060d000000| Untracked 
|  97|0x000000060d200000, 0x000000060d200000, 0x000000060d400000|  0%| F|  |TAMS 0x000000060d200000, 0x000000060d200000| Untracked 
|  98|0x000000060d400000, 0x000000060d400000, 0x000000060d600000|  0%| F|  |TAMS 0x000000060d400000, 0x000000060d400000| Untracked 
|  99|0x000000060d600000, 0x000000060d600000, 0x000000060d800000|  0%| F|  |TAMS 0x000000060d600000, 0x000000060d600000| Untracked 
| 100|0x000000060d800000, 0x000000060d800000, 0x000000060da00000|  0%| F|  |TAMS 0x000000060d800000, 0x000000060d800000| Untracked 
| 101|0x000000060da00000, 0x000000060da00000, 0x000000060dc00000|  0%| F|  |TAMS 0x000000060da00000, 0x000000060da00000| Untracked 
| 102|0x000000060dc00000, 0x000000060dc00000, 0x000000060de00000|  0%| F|  |TAMS 0x000000060dc00000, 0x000000060dc00000| Untracked 
| 103|0x000000060de00000, 0x000000060de00000, 0x000000060e000000|  0%| F|  |TAMS 0x000000060de00000, 0x000000060de00000| Untracked 
| 104|0x000000060e000000, 0x000000060e000000, 0x000000060e200000|  0%| F|  |TAMS 0x000000060e000000, 0x000000060e000000| Untracked 
| 105|0x000000060e200000, 0x000000060e200000, 0x000000060e400000|  0%| F|  |TAMS 0x000000060e200000, 0x000000060e200000| Untracked 
| 106|0x000000060e400000, 0x000000060e400000, 0x000000060e600000|  0%| F|  |TAMS 0x000000060e400000, 0x000000060e400000| Untracked 
| 107|0x000000060e600000, 0x000000060e600000, 0x000000060e800000|  0%| F|  |TAMS 0x000000060e600000, 0x000000060e600000| Untracked 
| 108|0x000000060e800000, 0x000000060e800000, 0x000000060ea00000|  0%| F|  |TAMS 0x000000060e800000, 0x000000060e800000| Untracked 
| 109|0x000000060ea00000, 0x000000060ea00000, 0x000000060ec00000|  0%| F|  |TAMS 0x000000060ea00000, 0x000000060ea00000| Untracked 
| 110|0x000000060ec00000, 0x000000060ec00000, 0x000000060ee00000|  0%| F|  |TAMS 0x000000060ec00000, 0x000000060ec00000| Untracked 
| 111|0x000000060ee00000, 0x000000060ee00000, 0x000000060f000000|  0%| F|  |TAMS 0x000000060ee00000, 0x000000060ee00000| Untracked 
| 112|0x000000060f000000, 0x000000060f000000, 0x000000060f200000|  0%| F|  |TAMS 0x000000060f000000, 0x000000060f000000| Untracked 
| 113|0x000000060f200000, 0x000000060f200000, 0x000000060f400000|  0%| F|  |TAMS 0x000000060f200000, 0x000000060f200000| Untracked 
| 114|0x000000060f400000, 0x000000060f400000, 0x000000060f600000|  0%| F|  |TAMS 0x000000060f400000, 0x000000060f400000| Untracked 
| 115|0x000000060f600000, 0x000000060f600000, 0x000000060f800000|  0%| F|  |TAMS 0x000000060f600000, 0x000000060f600000| Untracked 
| 116|0x000000060f800000, 0x000000060f800000, 0x000000060fa00000|  0%| F|  |TAMS 0x000000060f800000, 0x000000060f800000| Untracked 
| 117|0x000000060fa00000, 0x000000060fa00000, 0x000000060fc00000|  0%| F|  |TAMS 0x000000060fa00000, 0x000000060fa00000| Untracked 
| 118|0x000000060fc00000, 0x000000060fc00000, 0x000000060fe00000|  0%| F|  |TAMS 0x000000060fc00000, 0x000000060fc00000| Untracked 
| 119|0x000000060fe00000, 0x000000060fe00000, 0x0000000610000000|  0%| F|  |TAMS 0x000000060fe00000, 0x000000060fe00000| Untracked 
| 120|0x0000000610000000, 0x0000000610000000, 0x0000000610200000|  0%| F|  |TAMS 0x0000000610000000, 0x0000000610000000| Untracked 
| 121|0x0000000610200000, 0x0000000610200000, 0x0000000610400000|  0%| F|  |TAMS 0x0000000610200000, 0x0000000610200000| Untracked 
| 122|0x0000000610400000, 0x0000000610400000, 0x0000000610600000|  0%| F|  |TAMS 0x0000000610400000, 0x0000000610400000| Untracked 
| 123|0x0000000610600000, 0x0000000610600000, 0x0000000610800000|  0%| F|  |TAMS 0x0000000610600000, 0x0000000610600000| Untracked 
| 124|0x0000000610800000, 0x0000000610800000, 0x0000000610a00000|  0%| F|  |TAMS 0x0000000610800000, 0x0000000610800000| Untracked 
| 125|0x0000000610a00000, 0x0000000610a00000, 0x0000000610c00000|  0%| F|  |TAMS 0x0000000610a00000, 0x0000000610a00000| Untracked 
| 126|0x0000000610c00000, 0x0000000610c00000, 0x0000000610e00000|  0%| F|  |TAMS 0x0000000610c00000, 0x0000000610c00000| Untracked 
| 127|0x0000000610e00000, 0x0000000610e00000, 0x0000000611000000|  0%| F|  |TAMS 0x0000000610e00000, 0x0000000610e00000| Untracked 
| 128|0x0000000611000000, 0x0000000611000000, 0x0000000611200000|  0%| F|  |TAMS 0x0000000611000000, 0x0000000611000000| Untracked 
| 129|0x0000000611200000, 0x0000000611200000, 0x0000000611400000|  0%| F|  |TAMS 0x0000000611200000, 0x0000000611200000| Untracked 
| 130|0x0000000611400000, 0x0000000611400000, 0x0000000611600000|  0%| F|  |TAMS 0x0000000611400000, 0x0000000611400000| Untracked 
| 131|0x0000000611600000, 0x0000000611600000, 0x0000000611800000|  0%| F|  |TAMS 0x0000000611600000, 0x0000000611600000| Untracked 
| 132|0x0000000611800000, 0x0000000611800000, 0x0000000611a00000|  0%| F|  |TAMS 0x0000000611800000, 0x0000000611800000| Untracked 
| 133|0x0000000611a00000, 0x0000000611a00000, 0x0000000611c00000|  0%| F|  |TAMS 0x0000000611a00000, 0x0000000611a00000| Untracked 
| 134|0x0000000611c00000, 0x0000000611c00000, 0x0000000611e00000|  0%| F|  |TAMS 0x0000000611c00000, 0x0000000611c00000| Untracked 
| 135|0x0000000611e00000, 0x0000000611e00000, 0x0000000612000000|  0%| F|  |TAMS 0x0000000611e00000, 0x0000000611e00000| Untracked 
| 136|0x0000000612000000, 0x0000000612000000, 0x0000000612200000|  0%| F|  |TAMS 0x0000000612000000, 0x0000000612000000| Untracked 
| 137|0x0000000612200000, 0x0000000612200000, 0x0000000612400000|  0%| F|  |TAMS 0x0000000612200000, 0x0000000612200000| Untracked 
| 138|0x0000000612400000, 0x0000000612400000, 0x0000000612600000|  0%| F|  |TAMS 0x0000000612400000, 0x0000000612400000| Untracked 
| 139|0x0000000612600000, 0x0000000612600000, 0x0000000612800000|  0%| F|  |TAMS 0x0000000612600000, 0x0000000612600000| Untracked 
| 140|0x0000000612800000, 0x0000000612800000, 0x0000000612a00000|  0%| F|  |TAMS 0x0000000612800000, 0x0000000612800000| Untracked 
| 141|0x0000000612a00000, 0x0000000612a00000, 0x0000000612c00000|  0%| F|  |TAMS 0x0000000612a00000, 0x0000000612a00000| Untracked 
| 142|0x0000000612c00000, 0x0000000612c00000, 0x0000000612e00000|  0%| F|  |TAMS 0x0000000612c00000, 0x0000000612c00000| Untracked 
| 143|0x0000000612e00000, 0x0000000612e00000, 0x0000000613000000|  0%| F|  |TAMS 0x0000000612e00000, 0x0000000612e00000| Untracked 
| 144|0x0000000613000000, 0x0000000613000000, 0x0000000613200000|  0%| F|  |TAMS 0x0000000613000000, 0x0000000613000000| Untracked 
| 145|0x0000000613200000, 0x0000000613200000, 0x0000000613400000|  0%| F|  |TAMS 0x0000000613200000, 0x0000000613200000| Untracked 
| 146|0x0000000613400000, 0x0000000613400000, 0x0000000613600000|  0%| F|  |TAMS 0x0000000613400000, 0x0000000613400000| Untracked 
| 147|0x0000000613600000, 0x0000000613600000, 0x0000000613800000|  0%| F|  |TAMS 0x0000000613600000, 0x0000000613600000| Untracked 
| 148|0x0000000613800000, 0x0000000613800000, 0x0000000613a00000|  0%| F|  |TAMS 0x0000000613800000, 0x0000000613800000| Untracked 
| 149|0x0000000613a00000, 0x0000000613a00000, 0x0000000613c00000|  0%| F|  |TAMS 0x0000000613a00000, 0x0000000613a00000| Untracked 
| 150|0x0000000613c00000, 0x0000000613c00000, 0x0000000613e00000|  0%| F|  |TAMS 0x0000000613c00000, 0x0000000613c00000| Untracked 
| 151|0x0000000613e00000, 0x0000000613e00000, 0x0000000614000000|  0%| F|  |TAMS 0x0000000613e00000, 0x0000000613e00000| Untracked 
| 152|0x0000000614000000, 0x0000000614000000, 0x0000000614200000|  0%| F|  |TAMS 0x0000000614000000, 0x0000000614000000| Untracked 
| 153|0x0000000614200000, 0x0000000614200000, 0x0000000614400000|  0%| F|  |TAMS 0x0000000614200000, 0x0000000614200000| Untracked 
| 154|0x0000000614400000, 0x0000000614400000, 0x0000000614600000|  0%| F|  |TAMS 0x0000000614400000, 0x0000000614400000| Untracked 
| 155|0x0000000614600000, 0x0000000614600000, 0x0000000614800000|  0%| F|  |TAMS 0x0000000614600000, 0x0000000614600000| Untracked 
| 156|0x0000000614800000, 0x0000000614800000, 0x0000000614a00000|  0%| F|  |TAMS 0x0000000614800000, 0x0000000614800000| Untracked 
| 157|0x0000000614a00000, 0x0000000614a00000, 0x0000000614c00000|  0%| F|  |TAMS 0x0000000614a00000, 0x0000000614a00000| Untracked 
| 158|0x0000000614c00000, 0x0000000614c00000, 0x0000000614e00000|  0%| F|  |TAMS 0x0000000614c00000, 0x0000000614c00000| Untracked 
| 159|0x0000000614e00000, 0x0000000614e00000, 0x0000000615000000|  0%| F|  |TAMS 0x0000000614e00000, 0x0000000614e00000| Untracked 
| 160|0x0000000615000000, 0x0000000615000000, 0x0000000615200000|  0%| F|  |TAMS 0x0000000615000000, 0x0000000615000000| Untracked 
| 161|0x0000000615200000, 0x0000000615200000, 0x0000000615400000|  0%| F|  |TAMS 0x0000000615200000, 0x0000000615200000| Untracked 
| 162|0x0000000615400000, 0x0000000615400000, 0x0000000615600000|  0%| F|  |TAMS 0x0000000615400000, 0x0000000615400000| Untracked 
| 163|0x0000000615600000, 0x0000000615600000, 0x0000000615800000|  0%| F|  |TAMS 0x0000000615600000, 0x0000000615600000| Untracked 
| 164|0x0000000615800000, 0x0000000615800000, 0x0000000615a00000|  0%| F|  |TAMS 0x0000000615800000, 0x0000000615800000| Untracked 
| 165|0x0000000615a00000, 0x0000000615a00000, 0x0000000615c00000|  0%| F|  |TAMS 0x0000000615a00000, 0x0000000615a00000| Untracked 
| 166|0x0000000615c00000, 0x0000000615c00000, 0x0000000615e00000|  0%| F|  |TAMS 0x0000000615c00000, 0x0000000615c00000| Untracked 
| 167|0x0000000615e00000, 0x0000000615e00000, 0x0000000616000000|  0%| F|  |TAMS 0x0000000615e00000, 0x0000000615e00000| Untracked 
| 168|0x0000000616000000, 0x0000000616000000, 0x0000000616200000|  0%| F|  |TAMS 0x0000000616000000, 0x0000000616000000| Untracked 
| 169|0x0000000616200000, 0x0000000616200000, 0x0000000616400000|  0%| F|  |TAMS 0x0000000616200000, 0x0000000616200000| Untracked 
| 170|0x0000000616400000, 0x0000000616400000, 0x0000000616600000|  0%| F|  |TAMS 0x0000000616400000, 0x0000000616400000| Untracked 
| 171|0x0000000616600000, 0x0000000616600000, 0x0000000616800000|  0%| F|  |TAMS 0x0000000616600000, 0x0000000616600000| Untracked 
| 172|0x0000000616800000, 0x0000000616800000, 0x0000000616a00000|  0%| F|  |TAMS 0x0000000616800000, 0x0000000616800000| Untracked 
| 173|0x0000000616a00000, 0x0000000616a00000, 0x0000000616c00000|  0%| F|  |TAMS 0x0000000616a00000, 0x0000000616a00000| Untracked 
| 174|0x0000000616c00000, 0x0000000616c00000, 0x0000000616e00000|  0%| F|  |TAMS 0x0000000616c00000, 0x0000000616c00000| Untracked 
| 175|0x0000000616e00000, 0x0000000616e00000, 0x0000000617000000|  0%| F|  |TAMS 0x0000000616e00000, 0x0000000616e00000| Untracked 
| 176|0x0000000617000000, 0x0000000617000000, 0x0000000617200000|  0%| F|  |TAMS 0x0000000617000000, 0x0000000617000000| Untracked 
| 177|0x0000000617200000, 0x0000000617200000, 0x0000000617400000|  0%| F|  |TAMS 0x0000000617200000, 0x0000000617200000| Untracked 
| 178|0x0000000617400000, 0x0000000617400000, 0x0000000617600000|  0%| F|  |TAMS 0x0000000617400000, 0x0000000617400000| Untracked 
| 179|0x0000000617600000, 0x0000000617600000, 0x0000000617800000|  0%| F|  |TAMS 0x0000000617600000, 0x0000000617600000| Untracked 
| 180|0x0000000617800000, 0x0000000617800000, 0x0000000617a00000|  0%| F|  |TAMS 0x0000000617800000, 0x0000000617800000| Untracked 
| 181|0x0000000617a00000, 0x0000000617a00000, 0x0000000617c00000|  0%| F|  |TAMS 0x0000000617a00000, 0x0000000617a00000| Untracked 
| 182|0x0000000617c00000, 0x0000000617c00000, 0x0000000617e00000|  0%| F|  |TAMS 0x0000000617c00000, 0x0000000617c00000| Untracked 
| 183|0x0000000617e00000, 0x0000000617e00000, 0x0000000618000000|  0%| F|  |TAMS 0x0000000617e00000, 0x0000000617e00000| Untracked 
| 184|0x0000000618000000, 0x0000000618000000, 0x0000000618200000|  0%| F|  |TAMS 0x0000000618000000, 0x0000000618000000| Untracked 
| 185|0x0000000618200000, 0x0000000618200000, 0x0000000618400000|  0%| F|  |TAMS 0x0000000618200000, 0x0000000618200000| Untracked 
| 186|0x0000000618400000, 0x0000000618400000, 0x0000000618600000|  0%| F|  |TAMS 0x0000000618400000, 0x0000000618400000| Untracked 
| 187|0x0000000618600000, 0x0000000618600000, 0x0000000618800000|  0%| F|  |TAMS 0x0000000618600000, 0x0000000618600000| Untracked 
| 188|0x0000000618800000, 0x0000000618800000, 0x0000000618a00000|  0%| F|  |TAMS 0x0000000618800000, 0x0000000618800000| Untracked 
| 189|0x0000000618a00000, 0x0000000618a00000, 0x0000000618c00000|  0%| F|  |TAMS 0x0000000618a00000, 0x0000000618a00000| Untracked 
| 190|0x0000000618c00000, 0x0000000618c00000, 0x0000000618e00000|  0%| F|  |TAMS 0x0000000618c00000, 0x0000000618c00000| Untracked 
| 191|0x0000000618e00000, 0x0000000618e00000, 0x0000000619000000|  0%| F|  |TAMS 0x0000000618e00000, 0x0000000618e00000| Untracked 
| 192|0x0000000619000000, 0x0000000619000000, 0x0000000619200000|  0%| F|  |TAMS 0x0000000619000000, 0x0000000619000000| Untracked 
| 193|0x0000000619200000, 0x0000000619200000, 0x0000000619400000|  0%| F|  |TAMS 0x0000000619200000, 0x0000000619200000| Untracked 
| 194|0x0000000619400000, 0x0000000619400000, 0x0000000619600000|  0%| F|  |TAMS 0x0000000619400000, 0x0000000619400000| Untracked 
| 195|0x0000000619600000, 0x0000000619600000, 0x0000000619800000|  0%| F|  |TAMS 0x0000000619600000, 0x0000000619600000| Untracked 
| 196|0x0000000619800000, 0x0000000619800000, 0x0000000619a00000|  0%| F|  |TAMS 0x0000000619800000, 0x0000000619800000| Untracked 
| 197|0x0000000619a00000, 0x0000000619a00000, 0x0000000619c00000|  0%| F|  |TAMS 0x0000000619a00000, 0x0000000619a00000| Untracked 
| 198|0x0000000619c00000, 0x0000000619c00000, 0x0000000619e00000|  0%| F|  |TAMS 0x0000000619c00000, 0x0000000619c00000| Untracked 
| 199|0x0000000619e00000, 0x0000000619e00000, 0x000000061a000000|  0%| F|  |TAMS 0x0000000619e00000, 0x0000000619e00000| Untracked 
| 200|0x000000061a000000, 0x000000061a000000, 0x000000061a200000|  0%| F|  |TAMS 0x000000061a000000, 0x000000061a000000| Untracked 
| 201|0x000000061a200000, 0x000000061a200000, 0x000000061a400000|  0%| F|  |TAMS 0x000000061a200000, 0x000000061a200000| Untracked 
| 202|0x000000061a400000, 0x000000061a400000, 0x000000061a600000|  0%| F|  |TAMS 0x000000061a400000, 0x000000061a400000| Untracked 
| 203|0x000000061a600000, 0x000000061a600000, 0x000000061a800000|  0%| F|  |TAMS 0x000000061a600000, 0x000000061a600000| Untracked 
| 204|0x000000061a800000, 0x000000061a800000, 0x000000061aa00000|  0%| F|  |TAMS 0x000000061a800000, 0x000000061a800000| Untracked 
| 205|0x000000061aa00000, 0x000000061aa00000, 0x000000061ac00000|  0%| F|  |TAMS 0x000000061aa00000, 0x000000061aa00000| Untracked 
| 206|0x000000061ac00000, 0x000000061ac00000, 0x000000061ae00000|  0%| F|  |TAMS 0x000000061ac00000, 0x000000061ac00000| Untracked 
| 207|0x000000061ae00000, 0x000000061ae00000, 0x000000061b000000|  0%| F|  |TAMS 0x000000061ae00000, 0x000000061ae00000| Untracked 
| 208|0x000000061b000000, 0x000000061b000000, 0x000000061b200000|  0%| F|  |TAMS 0x000000061b000000, 0x000000061b000000| Untracked 
| 209|0x000000061b200000, 0x000000061b200000, 0x000000061b400000|  0%| F|  |TAMS 0x000000061b200000, 0x000000061b200000| Untracked 
| 210|0x000000061b400000, 0x000000061b400000, 0x000000061b600000|  0%| F|  |TAMS 0x000000061b400000, 0x000000061b400000| Untracked 
| 211|0x000000061b600000, 0x000000061b600000, 0x000000061b800000|  0%| F|  |TAMS 0x000000061b600000, 0x000000061b600000| Untracked 
| 212|0x000000061b800000, 0x000000061b800000, 0x000000061ba00000|  0%| F|  |TAMS 0x000000061b800000, 0x000000061b800000| Untracked 
| 213|0x000000061ba00000, 0x000000061ba00000, 0x000000061bc00000|  0%| F|  |TAMS 0x000000061ba00000, 0x000000061ba00000| Untracked 
| 214|0x000000061bc00000, 0x000000061bc00000, 0x000000061be00000|  0%| F|  |TAMS 0x000000061bc00000, 0x000000061bc00000| Untracked 
| 215|0x000000061be00000, 0x000000061be00000, 0x000000061c000000|  0%| F|  |TAMS 0x000000061be00000, 0x000000061be00000| Untracked 
| 216|0x000000061c000000, 0x000000061c000000, 0x000000061c200000|  0%| F|  |TAMS 0x000000061c000000, 0x000000061c000000| Untracked 
| 217|0x000000061c200000, 0x000000061c200000, 0x000000061c400000|  0%| F|  |TAMS 0x000000061c200000, 0x000000061c200000| Untracked 
| 218|0x000000061c400000, 0x000000061c400000, 0x000000061c600000|  0%| F|  |TAMS 0x000000061c400000, 0x000000061c400000| Untracked 
| 219|0x000000061c600000, 0x000000061c600000, 0x000000061c800000|  0%| F|  |TAMS 0x000000061c600000, 0x000000061c600000| Untracked 
| 220|0x000000061c800000, 0x000000061c800000, 0x000000061ca00000|  0%| F|  |TAMS 0x000000061c800000, 0x000000061c800000| Untracked 
| 221|0x000000061ca00000, 0x000000061ca00000, 0x000000061cc00000|  0%| F|  |TAMS 0x000000061ca00000, 0x000000061ca00000| Untracked 
| 222|0x000000061cc00000, 0x000000061cc00000, 0x000000061ce00000|  0%| F|  |TAMS 0x000000061cc00000, 0x000000061cc00000| Untracked 
| 223|0x000000061ce00000, 0x000000061ce00000, 0x000000061d000000|  0%| F|  |TAMS 0x000000061ce00000, 0x000000061ce00000| Untracked 
| 224|0x000000061d000000, 0x000000061d000000, 0x000000061d200000|  0%| F|  |TAMS 0x000000061d000000, 0x000000061d000000| Untracked 
| 225|0x000000061d200000, 0x000000061d200000, 0x000000061d400000|  0%| F|  |TAMS 0x000000061d200000, 0x000000061d200000| Untracked 
| 226|0x000000061d400000, 0x000000061d400000, 0x000000061d600000|  0%| F|  |TAMS 0x000000061d400000, 0x000000061d400000| Untracked 
| 227|0x000000061d600000, 0x000000061d600000, 0x000000061d800000|  0%| F|  |TAMS 0x000000061d600000, 0x000000061d600000| Untracked 
| 228|0x000000061d800000, 0x000000061d800000, 0x000000061da00000|  0%| F|  |TAMS 0x000000061d800000, 0x000000061d800000| Untracked 
| 229|0x000000061da00000, 0x000000061da00000, 0x000000061dc00000|  0%| F|  |TAMS 0x000000061da00000, 0x000000061da00000| Untracked 
| 230|0x000000061dc00000, 0x000000061dc00000, 0x000000061de00000|  0%| F|  |TAMS 0x000000061dc00000, 0x000000061dc00000| Untracked 
| 231|0x000000061de00000, 0x000000061de00000, 0x000000061e000000|  0%| F|  |TAMS 0x000000061de00000, 0x000000061de00000| Untracked 
| 232|0x000000061e000000, 0x000000061e000000, 0x000000061e200000|  0%| F|  |TAMS 0x000000061e000000, 0x000000061e000000| Untracked 
| 233|0x000000061e200000, 0x000000061e200000, 0x000000061e400000|  0%| F|  |TAMS 0x000000061e200000, 0x000000061e200000| Untracked 
| 234|0x000000061e400000, 0x000000061e400000, 0x000000061e600000|  0%| F|  |TAMS 0x000000061e400000, 0x000000061e400000| Untracked 
| 235|0x000000061e600000, 0x000000061e600000, 0x000000061e800000|  0%| F|  |TAMS 0x000000061e600000, 0x000000061e600000| Untracked 
| 236|0x000000061e800000, 0x000000061e800000, 0x000000061ea00000|  0%| F|  |TAMS 0x000000061e800000, 0x000000061e800000| Untracked 
| 237|0x000000061ea00000, 0x000000061ea00000, 0x000000061ec00000|  0%| F|  |TAMS 0x000000061ea00000, 0x000000061ea00000| Untracked 
| 238|0x000000061ec00000, 0x000000061ec00000, 0x000000061ee00000|  0%| F|  |TAMS 0x000000061ec00000, 0x000000061ec00000| Untracked 
| 239|0x000000061ee00000, 0x000000061ee00000, 0x000000061f000000|  0%| F|  |TAMS 0x000000061ee00000, 0x000000061ee00000| Untracked 
| 240|0x000000061f000000, 0x000000061f000000, 0x000000061f200000|  0%| F|  |TAMS 0x000000061f000000, 0x000000061f000000| Untracked 
| 241|0x000000061f200000, 0x000000061f200000, 0x000000061f400000|  0%| F|  |TAMS 0x000000061f200000, 0x000000061f200000| Untracked 
| 242|0x000000061f400000, 0x000000061f400000, 0x000000061f600000|  0%| F|  |TAMS 0x000000061f400000, 0x000000061f400000| Untracked 
| 243|0x000000061f600000, 0x000000061f600000, 0x000000061f800000|  0%| F|  |TAMS 0x000000061f600000, 0x000000061f600000| Untracked 
| 244|0x000000061f800000, 0x000000061f800000, 0x000000061fa00000|  0%| F|  |TAMS 0x000000061f800000, 0x000000061f800000| Untracked 
| 245|0x000000061fa00000, 0x000000061fa00000, 0x000000061fc00000|  0%| F|  |TAMS 0x000000061fa00000, 0x000000061fa00000| Untracked 
| 246|0x000000061fc00000, 0x000000061fd3fbb0, 0x000000061fe00000| 62%| S|CS|TAMS 0x000000061fc00000, 0x000000061fc00000| Complete 
| 247|0x000000061fe00000, 0x0000000620000000, 0x0000000620000000|100%| S|CS|TAMS 0x000000061fe00000, 0x000000061fe00000| Complete 
| 248|0x0000000620000000, 0x0000000620200000, 0x0000000620200000|100%| S|CS|TAMS 0x0000000620000000, 0x0000000620000000| Complete 
| 249|0x0000000620200000, 0x0000000620400000, 0x0000000620400000|100%| S|CS|TAMS 0x0000000620200000, 0x0000000620200000| Complete 
| 250|0x0000000620400000, 0x0000000620400000, 0x0000000620600000|  0%| F|  |TAMS 0x0000000620400000, 0x0000000620400000| Untracked 
| 251|0x0000000620600000, 0x0000000620600000, 0x0000000620800000|  0%| F|  |TAMS 0x0000000620600000, 0x0000000620600000| Untracked 
| 252|0x0000000620800000, 0x0000000620800000, 0x0000000620a00000|  0%| F|  |TAMS 0x0000000620800000, 0x0000000620800000| Untracked 
| 253|0x0000000620a00000, 0x0000000620a00000, 0x0000000620c00000|  0%| F|  |TAMS 0x0000000620a00000, 0x0000000620a00000| Untracked 
| 254|0x0000000620c00000, 0x0000000620c00000, 0x0000000620e00000|  0%| F|  |TAMS 0x0000000620c00000, 0x0000000620c00000| Untracked 
| 255|0x0000000620e00000, 0x0000000620e00000, 0x0000000621000000|  0%| F|  |TAMS 0x0000000620e00000, 0x0000000620e00000| Untracked 

Card table byte_map: [0x0000000016da0000,0x0000000017da0000] _byte_map_base: 0x0000000013d98000

Marking Bits (Prev, Next): (CMBitMap*) 0x00000000003a2700, (CMBitMap*) 0x00000000003a26c8
 Prev Bits: [0x0000000020d60000, 0x0000000028d20000)
 Next Bits: [0x0000000018da0000, 0x0000000020d60000)

Polling page: 0x0000000000210000

Metaspace:

Usage:
  Non-class:     52.39 MB capacity,    52.05 MB (>99%) used,   263.23 KB ( <1%) free+waste,    84.44 KB ( <1%) overhead. 
      Class:      6.89 MB capacity,     6.66 MB ( 97%) used,   200.43 KB (  3%) free+waste,    34.31 KB ( <1%) overhead. 
       Both:     59.27 MB capacity,    58.70 MB (>99%) used,   463.66 KB ( <1%) free+waste,   118.75 KB ( <1%) overhead. 

Virtual space:
  Non-class space:       58.00 MB reserved,      52.46 MB ( 90%) committed 
      Class space:        1.00 GB reserved,       7.00 MB ( <1%) committed 
             Both:        1.06 GB reserved,      59.46 MB (  5%) committed 

Chunk freelists:
   Non-Class:  76.00 KB
       Class:  21.00 KB
        Both:  97.00 KB

MaxMetaspaceSize: 17179869184.00 GB
CompressedClassSpaceSize: 1.00 GB

CodeHeap 'non-profiled nmethods': size=120000Kb used=3125Kb max_used=3125Kb free=116874Kb
 bounds [0x000000000dda0000, 0x000000000e0b0000, 0x00000000152d0000]
CodeHeap 'profiled nmethods': size=120000Kb used=15904Kb max_used=15904Kb free=104096Kb
 bounds [0x0000000006870000, 0x0000000007800000, 0x000000000dda0000]
CodeHeap 'non-nmethods': size=5760Kb used=1252Kb max_used=1280Kb free=4507Kb
 bounds [0x00000000062d0000, 0x0000000006540000, 0x0000000006870000]
 total_blobs=6967 nmethods=6348 adapters=529
 compilation: enabled
              stopped_count=0, restarted_count=0
 full_count=0

Compilation events (20 events):
Event: 3.967 Thread 0x000000002ca8a000 6312       4       org.jetbrains.kotlin.backend.common.serialization.mangle.descriptor.DescriptorMangleComputer::visitPackageFragmentDescriptor (16 bytes)
Event: 3.967 Thread 0x000000002c8eb000 6347       3       kotlin.jvm.internal.CallableReference::getOwner (36 bytes)
Event: 3.967 Thread 0x000000002c8eb000 nmethod 6347 0x00000000077ea290 code [0x00000000077ea4a0, 0x00000000077ea8d8]
Event: 3.969 Thread 0x000000002c8eb000 6349       1       org.jetbrains.kotlin.ir.util.SymbolTable::getLock (5 bytes)
Event: 3.969 Thread 0x000000002c8eb000 nmethod 6349 0x000000000e0a6c10 code [0x000000000e0a6dc0, 0x000000000e0a6e78]
Event: 3.969 Thread 0x000000002c8eb000 6350       1       org.jetbrains.kotlin.ir.declarations.lazy.IrLazyClass::getStubGenerator (5 bytes)
Event: 3.969 Thread 0x000000002c8eb000 nmethod 6350 0x000000000e0a6f10 code [0x000000000e0a70c0, 0x000000000e0a7178]
Event: 3.970 Thread 0x000000002c8eb000 6351       2       java.util.regex.Matcher::find (69 bytes)
Event: 3.970 Thread 0x000000002c8eb000 nmethod 6351 0x00000000077eaa90 code [0x00000000077eac40, 0x00000000077eae28]
Event: 3.970 Thread 0x000000002c8eb000 6352       3       org.jetbrains.kotlin.ir.symbols.impl.IrBindablePublicSymbolBase::bind (77 bytes)
Event: 3.970 Thread 0x000000002c8e8000 nmethod 6303 0x000000000e0a7210 code [0x000000000e0a7420, 0x000000000e0a8768]
Event: 3.970 Thread 0x000000002c8e8000 6348       4       java.util.regex.Matcher::search (154 bytes)
Event: 3.971 Thread 0x000000002c8eb000 nmethod 6352 0x00000000077eaf10 code [0x00000000077eb2e0, 0x00000000077eca38]
Event: 3.971 Thread 0x000000002c8eb000 6353       3       org.jetbrains.kotlin.ir.util.DeclarationStubGenerator::getLock (8 bytes)
Event: 3.971 Thread 0x000000002c8eb000 nmethod 6353 0x00000000077ed210 code [0x00000000077ed3c0, 0x00000000077ed4f8]
Event: 3.971 Thread 0x000000002c8eb000 6354       3       org.jetbrains.kotlin.ir.declarations.lazy.LazyUtilKt::lazyVar (25 bytes)
Event: 3.971 Thread 0x000000002c8eb000 nmethod 6354 0x00000000077ed590 code [0x00000000077ed940, 0x00000000077eeed8]
Event: 3.972 Thread 0x000000002ca8a000 nmethod 6312 0x000000000e0a9290 code [0x000000000e0a9460, 0x000000000e0a9c58]
Event: 3.972 Thread 0x000000002ca8a000 6313       4       org.jetbrains.kotlin.backend.common.serialization.mangle.descriptor.DescriptorMangleComputer::visitPackageFragmentDescriptor (61 bytes)
Event: 3.976 Thread 0x000000002ca8a000 nmethod 6313 0x000000000e0aa210 code [0x000000000e0aa3e0, 0x000000000e0aab78]

GC Heap History (10 events):
Event: 0.378 GC heap before
{Heap before GC invocations=0 (full 0):
 garbage-first heap   total 524288K, used 26624K [0x0000000601000000, 0x0000000800000000)
  region size 2048K, 12 young (24576K), 0 survivors (0K)
 Metaspace       used 12074K, capacity 12149K, committed 12288K, reserved 1060864K
  class space    used 1133K, capacity 1174K, committed 1280K, reserved 1048576K
}
Event: 0.380 GC heap after
{Heap after GC invocations=1 (full 0):
 garbage-first heap   total 524288K, used 6635K [0x0000000601000000, 0x0000000800000000)
  region size 2048K, 2 young (4096K), 2 survivors (4096K)
 Metaspace       used 12074K, capacity 12149K, committed 12288K, reserved 1060864K
  class space    used 1133K, capacity 1174K, committed 1280K, reserved 1048576K
}
Event: 0.854 GC heap before
{Heap before GC invocations=1 (full 0):
 garbage-first heap   total 524288K, used 43499K [0x0000000601000000, 0x0000000800000000)
  region size 2048K, 21 young (43008K), 2 survivors (4096K)
 Metaspace       used 20962K, capacity 21148K, committed 21248K, reserved 1069056K
  class space    used 2215K, capacity 2278K, committed 2304K, reserved 1048576K
}
Event: 0.861 GC heap after
{Heap after GC invocations=2 (full 0):
 garbage-first heap   total 524288K, used 10561K [0x0000000601000000, 0x0000000800000000)
  region size 2048K, 4 young (8192K), 4 survivors (8192K)
 Metaspace       used 20962K, capacity 21148K, committed 21248K, reserved 1069056K
  class space    used 2215K, capacity 2278K, committed 2304K, reserved 1048576K
}
Event: 1.682 GC heap before
{Heap before GC invocations=3 (full 0):
 garbage-first heap   total 524288K, used 88385K [0x0000000601000000, 0x0000000800000000)
  region size 2048K, 36 young (73728K), 4 survivors (8192K)
 Metaspace       used 35072K, capacity 35446K, committed 35584K, reserved 1081344K
  class space    used 4328K, capacity 4501K, committed 4608K, reserved 1048576K
}
Event: 1.696 GC heap after
{Heap after GC invocations=4 (full 0):
 garbage-first heap   total 524288K, used 27383K [0x0000000601000000, 0x0000000800000000)
  region size 2048K, 5 young (10240K), 5 survivors (10240K)
 Metaspace       used 35072K, capacity 35446K, committed 35584K, reserved 1081344K
  class space    used 4328K, capacity 4501K, committed 4608K, reserved 1048576K
}
Event: 3.025 GC heap before
{Heap before GC invocations=5 (full 0):
 garbage-first heap   total 524288K, used 150263K [0x0000000601000000, 0x0000000800000000)
  region size 2048K, 65 young (133120K), 5 survivors (10240K)
 Metaspace       used 49286K, capacity 49769K, committed 49920K, reserved 1093632K
  class space    used 5672K, capacity 5837K, committed 5888K, reserved 1048576K
}
Event: 3.048 GC heap after
{Heap after GC invocations=6 (full 0):
 garbage-first heap   total 524288K, used 41481K [0x0000000601000000, 0x0000000800000000)
  region size 2048K, 9 young (18432K), 9 survivors (18432K)
 Metaspace       used 49286K, capacity 49769K, committed 49920K, reserved 1093632K
  class space    used 5672K, capacity 5837K, committed 5888K, reserved 1048576K
}
Event: 3.803 GC heap before
{Heap before GC invocations=6 (full 0):
 garbage-first heap   total 524288K, used 104969K [0x0000000601000000, 0x0000000800000000)
  region size 2048K, 41 young (83968K), 9 survivors (18432K)
 Metaspace       used 59074K, capacity 59575K, committed 59736K, reserved 1101824K
  class space    used 6745K, capacity 6955K, committed 7040K, reserved 1048576K
}
Event: 3.836 GC heap after
{Heap after GC invocations=7 (full 0):
 garbage-first heap   total 524288K, used 49743K [0x0000000601000000, 0x0000000800000000)
  region size 2048K, 4 young (8192K), 4 survivors (8192K)
 Metaspace       used 59074K, capacity 59575K, committed 59736K, reserved 1101824K
  class space    used 6745K, capacity 6955K, committed 7040K, reserved 1048576K
}

Deoptimization events (20 events):
Event: 3.969 Thread 0x0000000000358800 Uncommon trap: trap_request=0xffffffde fr.pc=0x000000000df4d544 relative=0x0000000000000204
Event: 3.969 Thread 0x0000000000358800 Uncommon trap: reason=class_check action=maybe_recompile pc=0x000000000df4d544 method=java.util.regex.Pattern$BmpCharProperty.match(Ljava/util/regex/Matcher;ILjava/lang/CharSequence;)Z @ 36 c2
Event: 3.969 Thread 0x0000000000358800 DEOPT PACKING pc=0x000000000df4d544 sp=0x000000000209e100
Event: 3.969 Thread 0x0000000000358800 DEOPT UNPACKING pc=0x00000000062f7b2f sp=0x000000000209e0a8 mode 2
Event: 3.969 Thread 0x0000000000358800 Uncommon trap: trap_request=0xffffffde fr.pc=0x000000000df4d544 relative=0x0000000000000204
Event: 3.969 Thread 0x0000000000358800 Uncommon trap: reason=class_check action=maybe_recompile pc=0x000000000df4d544 method=java.util.regex.Pattern$BmpCharProperty.match(Ljava/util/regex/Matcher;ILjava/lang/CharSequence;)Z @ 36 c2
Event: 3.969 Thread 0x0000000000358800 DEOPT PACKING pc=0x000000000df4d544 sp=0x000000000209e100
Event: 3.969 Thread 0x0000000000358800 DEOPT UNPACKING pc=0x00000000062f7b2f sp=0x000000000209e0a8 mode 2
Event: 3.969 Thread 0x0000000000358800 Uncommon trap: trap_request=0xffffffde fr.pc=0x000000000df4d544 relative=0x0000000000000204
Event: 3.969 Thread 0x0000000000358800 Uncommon trap: reason=class_check action=maybe_recompile pc=0x000000000df4d544 method=java.util.regex.Pattern$BmpCharProperty.match(Ljava/util/regex/Matcher;ILjava/lang/CharSequence;)Z @ 36 c2
Event: 3.969 Thread 0x0000000000358800 DEOPT PACKING pc=0x000000000df4d544 sp=0x000000000209e100
Event: 3.969 Thread 0x0000000000358800 DEOPT UNPACKING pc=0x00000000062f7b2f sp=0x000000000209e0a8 mode 2
Event: 3.969 Thread 0x0000000000358800 Uncommon trap: trap_request=0xffffffde fr.pc=0x000000000df4d544 relative=0x0000000000000204
Event: 3.969 Thread 0x0000000000358800 Uncommon trap: reason=class_check action=maybe_recompile pc=0x000000000df4d544 method=java.util.regex.Pattern$BmpCharProperty.match(Ljava/util/regex/Matcher;ILjava/lang/CharSequence;)Z @ 36 c2
Event: 3.969 Thread 0x0000000000358800 DEOPT PACKING pc=0x000000000df4d544 sp=0x000000000209e100
Event: 3.969 Thread 0x0000000000358800 DEOPT UNPACKING pc=0x00000000062f7b2f sp=0x000000000209e0a8 mode 2
Event: 3.972 Thread 0x0000000000358800 Uncommon trap: trap_request=0xffffffbe fr.pc=0x000000000e00e644 relative=0x0000000000002984
Event: 3.972 Thread 0x0000000000358800 Uncommon trap: reason=profile_predicate action=maybe_recompile pc=0x000000000e00e644 method=org.jetbrains.kotlin.serialization.deserialization.descriptors.DeserializedPackageMemberScope.hasClass(Lorg/jetbrains/kotlin/name/Name;)Z @ 65 c2
Event: 3.972 Thread 0x0000000000358800 DEOPT PACKING pc=0x000000000e00e644 sp=0x000000000209d6b0
Event: 3.972 Thread 0x0000000000358800 DEOPT UNPACKING pc=0x00000000062f7b2f sp=0x000000000209d600 mode 2

Classes redefined (0 events):
No events

Internal exceptions (20 events):
Event: 1.059 Thread 0x0000000000358800 Exception <a 'java/lang/NoSuchMethodError'{0x000000061ffd8018}: 'void java.lang.invoke.DirectMethodHandle$Holder.invokeSpecial(java.lang.Object, java.lang.Object)'> (0x000000061ffd8018) thrown at [./src/hotspot/share/interpreter/linkResolver.cpp, line 773]
Event: 1.088 Thread 0x0000000000358800 Exception <a 'java/lang/NoSuchMethodError'{0x000000061fa7cf70}: 'void java.lang.invoke.DirectMethodHandle$Holder.invokeStaticInit(java.lang.Object, java.lang.Object)'> (0x000000061fa7cf70) thrown at [./src/hotspot/share/interpreter/linkResolver.cpp, line 773]
Event: 1.094 Thread 0x0000000000358800 Exception <a 'java/lang/NoSuchMethodError'{0x000000061fabb368}: 'void java.lang.invoke.DirectMethodHandle$Holder.invokeInterface(java.lang.Object, java.lang.Object)'> (0x000000061fabb368) thrown at [./src/hotspot/share/interpreter/linkResolver.cpp, line 773]
Event: 1.146 Thread 0x0000000000358800 Exception <a 'java/lang/NoSuchMethodError'{0x000000061f6d0090}: 'void java.lang.invoke.DirectMethodHandle$Holder.invokeVirtual(java.lang.Object, java.lang.Object)'> (0x000000061f6d0090) thrown at [./src/hotspot/share/interpreter/linkResolver.cpp, line 773]
Event: 1.153 Thread 0x0000000000358800 Exception <a 'java/lang/NoSuchMethodError'{0x000000061f7475c0}: 'int java.lang.invoke.DirectMethodHandle$Holder.invokeVirtual(java.lang.Object, java.lang.Object)'> (0x000000061f7475c0) thrown at [./src/hotspot/share/interpreter/linkResolver.cpp, line 773]
Event: 1.628 Thread 0x0000000000358800 Exception <a 'java/lang/NoSuchMethodError'{0x000000061cc57488}: 'java.lang.Object java.lang.invoke.DirectMethodHandle$Holder.invokeVirtual(java.lang.Object, java.lang.Object, java.lang.Object)'> (0x000000061cc57488) thrown at [./src/hotspot/share/interpreter/linkResolver.cpp, line 773]
Event: 2.090 Thread 0x0000000000358800 Exception <a 'java/lang/NoSuchMethodError'{0x000000061edc8c40}: 'java.lang.Object java.lang.invoke.DirectMethodHandle$Holder.invokeStatic(java.lang.Object, java.lang.Object, java.lang.Object, int)'> (0x000000061edc8c40) thrown at [./src/hotspot/share/interpreter/linkResolver.cpp, line 773]
Event: 2.090 Thread 0x0000000000358800 Exception <a 'java/lang/NoSuchMethodError'{0x000000061edcc8b0}: 'java.lang.Object java.lang.invoke.DirectMethodHandle$Holder.invokeSpecial(java.lang.Object, java.lang.Object, java.lang.Object, java.lang.Object, int)'> (0x000000061edcc8b0) thrown at [./src/hotspot/share/interpreter/linkResolver.cpp, line 773]
Event: 2.090 Thread 0x0000000000358800 Exception <a 'java/lang/NoSuchMethodError'{0x000000061edcfbc0}: 'java.lang.Object java.lang.invoke.Invokers$Holder.linkToTargetMethod(java.lang.Object, java.lang.Object, int, java.lang.Object)'> (0x000000061edcfbc0) thrown at [./src/hotspot/share/interpreter/linkResolver.cpp, line 773]
Event: 2.218 Thread 0x0000000000358800 Exception <a 'java/lang/NoSuchMethodError'{0x000000061e58d418}: 'java.lang.Object java.lang.invoke.Invokers$Holder.linkToTargetMethod(java.lang.Object, int, java.lang.Object)'> (0x000000061e58d418) thrown at [./src/hotspot/share/interpreter/linkResolver.cpp, line 773]
Event: 2.607 Thread 0x0000000000358800 Exception <a 'java/lang/NoSuchMethodError'{0x000000061aba5968}: 'java.lang.Object java.lang.invoke.DirectMethodHandle$Holder.invokeStaticInit(java.lang.Object, java.lang.Object, java.lang.Object)'> (0x000000061aba5968) thrown at [./src/hotspot/share/interpreter/linkResolver.cpp, line 773]
Event: 3.158 Thread 0x0000000000358800 Implicit null exception at 0x000000000ddfe5de to 0x000000000ddfed66
Event: 3.158 Thread 0x0000000000358800 Implicit null exception at 0x000000000dddc02f to 0x000000000dddc0a9
Event: 3.172 Thread 0x0000000000358800 Exception <a 'java/lang/NoSuchMethodError'{0x0000000620334be0}: 'java.lang.Object java.lang.invoke.Invokers$Holder.linkToTargetMethod(java.lang.Object, java.lang.Object, java.lang.Object, java.lang.Object, java.lang.Object, java.lang.Object)'> (0x0000000620334be0) thrown at [./src/hotspot/share/interpreter/linkResolver.cpp, line 773]
Event: 3.305 Thread 0x0000000000358800 Exception <a 'java/lang/NoSuchMethodError'{0x000000061f006c98}: 'java.lang.Object java.lang.invoke.Invokers$Holder.linkToTargetMethod(java.lang.Object, java.lang.Object, java.lang.Object, int, int, java.lang.Object)'> (0x000000061f006c98) thrown at [./src/hotspot/share/interpreter/linkResolver.cpp, line 773]
Event: 3.312 Thread 0x0000000000358800 Exception <a 'java/lang/NoSuchMethodError'{0x000000061f03ac98}: 'java.lang.Object java.lang.invoke.DirectMethodHandle$Holder.invokeInterface(java.lang.Object, java.lang.Object, java.lang.Object)'> (0x000000061f03ac98) thrown at [./src/hotspot/share/interpreter/linkResolver.cpp, line 773]
Event: 3.312 Thread 0x0000000000358800 Exception <a 'java/lang/IncompatibleClassChangeError'{0x000000061f03dec8}: Found class java.lang.Object, but interface was expected> (0x000000061f03dec8) thrown at [./src/hotspot/share/interpreter/linkResolver.cpp, line 839]
Event: 3.365 Thread 0x0000000000358800 Exception <a 'java/lang/NoSuchMethodError'{0x000000061eeee6f8}: 'int java.lang.invoke.DirectMethodHandle$Holder.invokeStaticInit(java.lang.Object, int)'> (0x000000061eeee6f8) thrown at [./src/hotspot/share/interpreter/linkResolver.cpp, line 773]
Event: 3.373 Thread 0x0000000000358800 Implicit null exception at 0x000000000df70f2f to 0x000000000df70f5c
Event: 3.441 Thread 0x0000000000358800 Implicit null exception at 0x000000000ddf95f5 to 0x000000000ddf97e4

Events (20 events):
Event: 3.972 loading class org/jetbrains/kotlin/ir/descriptors/IrFunctionFactory$createTypeParameters$pSymbol$1
Event: 3.972 loading class org/jetbrains/kotlin/ir/descriptors/IrFunctionFactory$createTypeParameters$pSymbol$1 done
Event: 3.973 loading class org/jetbrains/kotlin/ir/descriptors/IrFunctionFactory$createTypeParameters$rSymbol$1
Event: 3.973 loading class org/jetbrains/kotlin/ir/descriptors/IrFunctionFactory$createTypeParameters$rSymbol$1 done
Event: 3.973 loading class org/jetbrains/kotlin/ir/descriptors/IrFunctionFactory$createMembers$invokeSymbol$1
Event: 3.973 loading class org/jetbrains/kotlin/ir/descriptors/IrFunctionFactory$createMembers$invokeSymbol$1 done
Event: 3.973 loading class org/jetbrains/kotlin/builtins/functions/FunctionClassScope$WhenMappings
Event: 3.973 loading class org/jetbrains/kotlin/builtins/functions/FunctionClassScope$WhenMappings done
Event: 3.973 loading class org/jetbrains/kotlin/builtins/functions/FunctionInvokeDescriptor$Factory
Event: 3.973 loading class org/jetbrains/kotlin/builtins/functions/FunctionInvokeDescriptor$Factory done
Event: 3.974 loading class org/jetbrains/kotlin/builtins/functions/FunctionClassDescriptor$FunctionTypeConstructor$WhenMappings
Event: 3.974 loading class org/jetbrains/kotlin/builtins/functions/FunctionClassDescriptor$FunctionTypeConstructor$WhenMappings done
Event: 3.974 loading class org/jetbrains/kotlin/resolve/MemberComparator$NameAndTypeMemberComparator
Event: 3.974 loading class org/jetbrains/kotlin/resolve/MemberComparator$NameAndTypeMemberComparator done
Event: 3.975 loading class org/jetbrains/kotlin/types/typesApproximation/CapturedTypeApproximationKt
Event: 3.975 loading class org/jetbrains/kotlin/types/typesApproximation/CapturedTypeApproximationKt done
Event: 3.976 loading class org/jetbrains/kotlin/types/typesApproximation/CapturedTypeApproximationKt$approximateCapturedTypesIfNecessary$1
Event: 3.976 loading class org/jetbrains/kotlin/types/typesApproximation/CapturedTypeApproximationKt$approximateCapturedTypesIfNecessary$1 done
Event: 3.976 loading class org/jetbrains/kotlin/resolve/scopes/GivenFunctionsMemberScope$createFakeOverrides$4
Event: 3.976 loading class org/jetbrains/kotlin/resolve/scopes/GivenFunctionsMemberScope$createFakeOverrides$4 done


Dynamic libraries:
0x000000013fad0000 - 0x000000013fada000 	C:\Program Files\Android\Android Studio\jre\bin\java.exe
0x0000000077aa0000 - 0x0000000077c4a000 	C:\Windows\SYSTEM32\ntdll.dll
0x0000000077880000 - 0x000000007799f000 	C:\Windows\system32\kernel32.dll
0x000007fefd920000 - 0x000007fefd98a000 	C:\Windows\system32\KERNELBASE.dll
0x000007fee3af0000 - 0x000007fee3b09000 	C:\Program Files\Android\Android Studio\jre\bin\jli.dll
0x000007fefc280000 - 0x000007fefc474000 	C:\Windows\WinSxS\amd64_microsoft.windows.common-controls_6595b64144ccf1df_6.0.7601.18837_none_fa3b1e3d17594757\COMCTL32.dll
0x000007fefebc0000 - 0x000007fefec5f000 	C:\Windows\system32\msvcrt.dll
0x000007fefde90000 - 0x000007fefdef7000 	C:\Windows\system32\GDI32.dll
0x00000000779a0000 - 0x0000000077a9a000 	C:\Windows\system32\USER32.dll
0x000007fefe3f0000 - 0x000007fefe3fe000 	C:\Windows\system32\LPK.dll
0x000007fefdc10000 - 0x000007fefdcda000 	C:\Windows\system32\USP10.dll
0x000007fefdce0000 - 0x000007fefdd51000 	C:\Windows\system32\SHLWAPI.dll
0x000007fee3b10000 - 0x000007fee3b27000 	C:\Program Files\Android\Android Studio\jre\bin\VCRUNTIME140.dll
0x000007fef9a20000 - 0x000007fef9a24000 	C:\Windows\system32\api-ms-win-crt-runtime-l1-1-0.dll
0x000007fef9920000 - 0x000007fef9a14000 	C:\Windows\system32\ucrtbase.DLL
0x000007fef9910000 - 0x000007fef9913000 	C:\Windows\system32\api-ms-win-core-timezone-l1-1-0.dll
0x000007fef9900000 - 0x000007fef9903000 	C:\Windows\system32\api-ms-win-core-file-l2-1-0.dll
0x000007fef98f0000 - 0x000007fef98f3000 	C:\Windows\system32\api-ms-win-core-localization-l1-2-0.dll
0x000007fef82f0000 - 0x000007fef82f3000 	C:\Windows\system32\api-ms-win-core-synch-l1-2-0.dll
0x000007fef98e0000 - 0x000007fef98e3000 	C:\Windows\system32\api-ms-win-core-processthreads-l1-1-1.dll
0x000007fef98d0000 - 0x000007fef98d3000 	C:\Windows\system32\api-ms-win-core-file-l1-2-0.dll
0x000007fef98c0000 - 0x000007fef98c4000 	C:\Windows\system32\api-ms-win-crt-string-l1-1-0.dll
0x000007fef98b0000 - 0x000007fef98b3000 	C:\Windows\system32\api-ms-win-crt-heap-l1-1-0.dll
0x000007fef98a0000 - 0x000007fef98a4000 	C:\Windows\system32\api-ms-win-crt-stdio-l1-1-0.dll
0x000007fef9890000 - 0x000007fef9894000 	C:\Windows\system32\api-ms-win-crt-convert-l1-1-0.dll
0x000007fef9790000 - 0x000007fef9793000 	C:\Windows\system32\api-ms-win-crt-environment-l1-1-0.dll
0x000007fef97a0000 - 0x000007fef97a3000 	C:\Windows\system32\api-ms-win-crt-filesystem-l1-1-0.dll
0x000007fef9700000 - 0x000007fef9705000 	C:\Windows\system32\api-ms-win-crt-math-l1-1-0.dll
0x000007fef97d0000 - 0x000007fef97d3000 	C:\Windows\system32\api-ms-win-crt-locale-l1-1-0.dll
0x000007fefec60000 - 0x000007fefec8e000 	C:\Windows\system32\IMM32.DLL
0x000007fefdd60000 - 0x000007fefde69000 	C:\Windows\system32\MSCTF.dll
0x000007feda620000 - 0x000007feda6bd000 	C:\Program Files\Android\Android Studio\jre\bin\msvcp140.dll
0x000007fef97c0000 - 0x000007fef97c5000 	C:\Windows\system32\api-ms-win-crt-multibyte-l1-1-0.dll
0x000007fef97b0000 - 0x000007fef97b3000 	C:\Windows\system32\api-ms-win-crt-time-l1-1-0.dll
0x000007fef9780000 - 0x000007fef9783000 	C:\Windows\system32\api-ms-win-crt-utility-l1-1-0.dll
0x000007fec1870000 - 0x000007fec233f000 	C:\Program Files\Android\Android Studio\jre\bin\server\jvm.dll
0x000007fefef40000 - 0x000007feff01b000 	C:\Windows\system32\ADVAPI32.dll
0x000007fefde70000 - 0x000007fefde8f000 	C:\Windows\SYSTEM32\sechost.dll
0x000007fefe610000 - 0x000007fefe73d000 	C:\Windows\system32\RPCRT4.dll
0x000007fee3e10000 - 0x000007fee3e19000 	C:\Windows\system32\WSOCK32.dll
0x000007fefeb70000 - 0x000007fefebbd000 	C:\Windows\system32\WS2_32.dll
0x000007fefe0e0000 - 0x000007fefe0e8000 	C:\Windows\system32\NSI.dll
0x000007fef9a50000 - 0x000007fef9a8b000 	C:\Windows\system32\WINMM.dll
0x000007fefc940000 - 0x000007fefc94c000 	C:\Windows\system32\VERSION.dll
0x0000000077c70000 - 0x0000000077c77000 	C:\Windows\system32\PSAPI.DLL
0x000007fefb200000 - 0x000007fefb211000 	C:\Program Files\Android\Android Studio\jre\bin\verify.dll
0x000007fef1b40000 - 0x000007fef1c65000 	C:\Windows\system32\DBGHELP.DLL
0x000007fef63d0000 - 0x000007fef63f9000 	C:\Program Files\Android\Android Studio\jre\bin\java.dll
0x000007fefb230000 - 0x000007fefb23b000 	C:\Program Files\Android\Android Studio\jre\bin\jimage.dll
0x000007fef00a0000 - 0x000007fef00b8000 	C:\Program Files\Android\Android Studio\jre\bin\zip.dll
0x000007feff020000 - 0x000007feffdaa000 	C:\Windows\system32\SHELL32.dll
0x000007fefe400000 - 0x000007fefe603000 	C:\Windows\system32\ole32.dll
0x000007fefd850000 - 0x000007fefd85f000 	C:\Windows\system32\profapi.dll
0x000007fef0080000 - 0x000007fef009a000 	C:\Program Files\Android\Android Studio\jre\bin\net.dll
0x000007fef1930000 - 0x000007fef19a1000 	C:\Windows\system32\WINHTTP.dll
0x000007fef18c0000 - 0x000007fef1925000 	C:\Windows\system32\webio.dll
0x000007fefd030000 - 0x000007fefd085000 	C:\Windows\system32\mswsock.dll
0x000007fefd020000 - 0x000007fefd027000 	C:\Windows\System32\wship6.dll
0x000007fee9790000 - 0x000007fee97a4000 	C:\Program Files\Android\Android Studio\jre\bin\nio.dll

dbghelp: loaded successfully - version: 4.0.5 - missing functions: none
symbol engine: initialized successfully - sym options: 0x614 - pdb path: (cannot be retrieved)

VM Arguments:
java_command: org.jetbrains.kotlin.cli.jvm.K2JVMCompiler @D:\xN\programming\GeoQuiz\app\build\20210827_3913574376874600811.compiler.options
java_class_path (initial): C:\Users\Nik\.gradle\caches\modules-2\files-2.1\org.jetbrains.kotlin\kotlin-compiler-embeddable\1.5.30\3362a354066df1578a057c200da23cf2a1d8144f\kotlin-compiler-embeddable-1.5.30.jar;C:\Users\Nik\.gradle\caches\modules-2\files-2.1\org.jetbrains.kotlin\kotlin-reflect\1.5.30\6773e974437dd6432aa646cc2f8ab71de42b5773\kotlin-reflect-1.5.30.jar;C:\Users\Nik\.gradle\caches\modules-2\files-2.1\org.jetbrains.kotlin\kotlin-stdlib\1.5.30\d68efdea04955974ac1020f8f66ef8176bfbce1f\kotlin-stdlib-1.5.30.jar;C:\Users\Nik\.gradle\caches\modules-2\files-2.1\org.jetbrains.kotlin\kotlin-script-runtime\1.5.30\10697ab20bfd2f1b23baa91306950c36c4e89a8d\kotlin-script-runtime-1.5.30.jar;C:\Users\Nik\.gradle\caches\modules-2\files-2.1\org.jetbrains.kotlin\kotlin-daemon-embeddable\1.5.30\e355dc9011e559a475608265607948109e113ae0\kotlin-daemon-embeddable-1.5.30.jar;C:\Users\Nik\.gradle\caches\modules-2\files-2.1\org.jetbrains.intellij.deps\trove4j\1.0.20181211\216c2e14b070f334479d800987affe4054cd563f\trove4j-1.0.20181211.jar;C:\Users\Nik\.gradle\caches\modules-2\files-2.1\org.jetbrains\annotations\13.0\919f0dfe192fb4e063e7dacadee7f8bb9a2672a9\annotations-13.0.jar;C:\Users\Nik\.gradle\caches\modules-2\files-2.1\org.jetbrains.kotlin\kotlin-stdlib-common\1.5.30\649ffab7767038323fec0cc41e2d7b0a8f65a378\kotlin-stdlib-common-1.5.30.jar
Launcher Type: SUN_STANDARD

[Global flags]
     intx CICompilerCount                          = 4                                         {product} {ergonomic}
     uint ConcGCThreads                            = 2                                         {product} {ergonomic}
     uint G1ConcRefinementThreads                  = 8                                         {product} {ergonomic}
   size_t G1HeapRegionSize                         = 2097152                                   {product} {ergonomic}
    uintx GCDrainStackTargetSize                   = 64                                        {product} {ergonomic}
   size_t InitialHeapSize                          = 536870912                                 {product} {ergonomic}
   size_t MarkStackSize                            = 4194304                                   {product} {ergonomic}
   size_t MaxHeapSize                              = 8573157376                                {product} {ergonomic}
   size_t MaxNewSize                               = 5142216704                                {product} {ergonomic}
   size_t MinHeapDeltaBytes                        = 2097152                                   {product} {ergonomic}
    uintx NonNMethodCodeHeapSize                   = 5836300                                {pd product} {ergonomic}
    uintx NonProfiledCodeHeapSize                  = 122910970                              {pd product} {ergonomic}
    uintx ProfiledCodeHeapSize                     = 122910970                              {pd product} {ergonomic}
    uintx ReservedCodeCacheSize                    = 251658240                              {pd product} {ergonomic}
     bool SegmentedCodeCache                       = true                                      {product} {ergonomic}
     bool UseCompressedClassPointers               = true                                 {lp64_product} {ergonomic}
     bool UseCompressedOops                        = true                                 {lp64_product} {ergonomic}
     bool UseG1GC                                  = true                                      {product} {ergonomic}
     bool UseLargePagesIndividualAllocation        = false                                  {pd product} {ergonomic}

Logging:
Log output configuration:
 #0: stdout all=warning uptime,level,tags
 #1: stderr all=off uptime,level,tags

Environment Variables:
JAVA_HOME=C:\Program Files\Java\jdk-14.0.1
PATH=C:\Program Files (x86)\NVIDIA Corporation\PhysX\Common;C:\Program Files (x86)\Intel\iCLS Client\;C:\Program Files\Intel\iCLS Client\;C:\Windows\system32;C:\Windows;C:\Windows\System32\Wbem;C:\Windows\System32\WindowsPowerShell\v1.0\;C:\Program Files (x86)\Intel\Intel(R) Management Engine Components\DAL;C:\Program Files\Intel\Intel(R) Management Engine Components\DAL;C:\Program Files (x86)\Intel\Intel(R) Management Engine Components\IPT;C:\Program Files\Intel\Intel(R) Management Engine Components\IPT;C:\Program Files (x86)\Common Files\Acronis\SnapAPI\;C:\Program Files (x86)\Microsoft SQL Server\110\Tools\Binn\;C:\Program Files\Microsoft SQL Server\110\Tools\Binn\;C:\Program Files\Microsoft SQL Server\110\DTS\Binn\;C:\Program Files (x86)\Windows Kits\8.1\Windows Performance Toolkit\;C:\Program Files\Git\cmd;C:\Program Files\Java\jdk-14.0.1\bin
USERNAME=Nik
OS=Windows_NT
PROCESSOR_IDENTIFIER=Intel64 Family 6 Model 94 Stepping 3, GenuineIntel



---------------  S Y S T E M  ---------------

OS: Windows 7 , 64 bit Build 7601 (6.1.7601.23677)
OS uptime: 9 days 6:29 hours

CPU:total 8 (initial active 8) (4 cores per cpu, 2 threads per core) family 6 model 94 stepping 3 microcode 0x0, cmov, cx8, fxsr, mmx, sse, sse2, sse3, ssse3, sse4.1, sse4.2, popcnt, avx, avx2, aes, clmul, erms, rtm, 3dnowpref, lzcnt, ht, tsc, tscinvbit, bmi1, bmi2, adx, fma

Memory: 4k page, system-wide physical 32698M (6284M free)
TotalPageFile size 40888M (AvailPageFile size 5M)
current process WorkingSet (physical memory assigned to process): 419M, peak: 419M
current process commit charge ("private bytes"): 801M, peak: 977M

vm_info: OpenJDK 64-Bit Server VM (11.0.10+0-b96-7249189) for windows-amd64 JRE (11.0.10+0-b96-7249189), built on Mar 31 2021 21:44:00 by "builder" with MS VC++ 14.0 (VS2015)

END.
